2024-04-15 19:43:59.165 [info] Extension host with pid 7178 started
2024-04-15 19:43:59.185 [info] ExtensionService#_doActivateExtension vscode.tunnel-forwarding, startup: false, activationEvent: 'onTunnel'
2024-04-15 19:43:59.189 [info] Lock '/home/ebacigalupe/.vscode-server/data/User/workspaceStorage/27cadf78f4d1d752b0c1066ca0c0185c/vscode.lock': Lock acquired.
2024-04-15 19:43:59.246 [info] ExtensionService#_doActivateExtension vscode.git-base, startup: true, activationEvent: '*', root cause: vscode.git
2024-04-15 19:43:59.255 [info] ExtensionService#_doActivateExtension vscode.git, startup: true, activationEvent: '*'
2024-04-15 19:43:59.255 [info] ExtensionService#_doActivateExtension vscode.github, startup: true, activationEvent: '*'
2024-04-15 19:43:59.386 [info] Eager extensions activated
2024-04-15 19:43:59.387 [info] ExtensionService#_doActivateExtension vscode.debug-auto-launch, startup: false, activationEvent: 'onStartupFinished'
2024-04-15 19:43:59.387 [info] ExtensionService#_doActivateExtension vscode.merge-conflict, startup: false, activationEvent: 'onStartupFinished'
2024-04-15 19:43:59.530 [warning] [Decorations] CAPPING events from decorations provider vscode.git 2622
2024-04-15 19:43:59.826 [warning] [Decorations] CAPPING events from decorations provider vscode.git 2622
2024-04-15 19:44:04.313 [warning] [Decorations] CAPPING events from decorations provider vscode.git 2623
2024-04-15 19:44:09.356 [warning] [Decorations] CAPPING events from decorations provider vscode.git 2623
2024-04-15 19:44:11.383 [info] ExtensionService#_doActivateExtension vscode.emmet, startup: false, activationEvent: 'onLanguage'
2024-04-15 19:44:14.396 [warning] [Decorations] CAPPING events from decorations provider vscode.git 2623
2024-04-15 19:44:19.440 [warning] [Decorations] CAPPING events from decorations provider vscode.git 2623
2024-04-15 19:44:26.805 [warning] [Decorations] CAPPING events from decorations provider vscode.git 2623
2024-04-15 19:44:26.851 [warning] [Decorations] CAPPING events from decorations provider vscode.git 2623
2024-04-15 19:44:32.335 [warning] [Decorations] CAPPING events from decorations provider vscode.git 2623
2024-04-15 19:44:38.458 [warning] [Decorations] CAPPING events from decorations provider vscode.git 2623
2024-04-15 19:44:38.878 [warning] [Decorations] CAPPING events from decorations provider vscode.git 2623
2024-04-15 19:44:43.506 [warning] [Decorations] CAPPING events from decorations provider vscode.git 2623
2024-04-15 19:44:48.551 [warning] [Decorations] CAPPING events from decorations provider vscode.git 2623
2024-04-15 19:44:53.606 [warning] [Decorations] CAPPING events from decorations provider vscode.git 2623
2024-04-15 19:46:09.567 [warning] [Decorations] CAPPING events from decorations provider vscode.git 2624
2024-04-15 19:46:14.611 [warning] [Decorations] CAPPING events from decorations provider vscode.git 2626
2024-04-15 19:46:19.659 [warning] [Decorations] CAPPING events from decorations provider vscode.git 2626
